<?xml version="1.0" encoding="UTF-8"?>
<!-- Generated by org.testng.reporters.JUnitReportReporter -->
<testsuite hostname="LAPTOP-GMS59UUI" failures="0" tests="1" name="seleniumPrograms.FirstScriptNg" time="2.311" errors="0" timestamp="2021-09-17T21:23:30 IST" skipped="0">
  <testcase classname="seleniumPrograms.FirstScriptNg" name="googleTitleTest" time="2.311"/>
  <system-out/>
</testsuite> <!-- seleniumPrograms.FirstScriptNg -->
