<?xml version="1.0" encoding="UTF-8"?>
<!-- Generated by org.testng.reporters.JUnitReportReporter -->
<testsuite hostname="LAPTOP-GMS59UUI" failures="0" tests="1" name="propertyfile.Propertyexample" time="0.023" errors="0" timestamp="2021-09-17T21:26:25 IST" skipped="0">
  <testcase classname="propertyfile.Propertyexample" name="readProperty" time="0.023"/>
  <system-out/>
</testsuite> <!-- propertyfile.Propertyexample -->
