<?xml version="1.0" encoding="UTF-8"?>
<!-- Generated by org.testng.reporters.JUnitReportReporter -->
<testsuite hostname="LAPTOP-GMS59UUI" failures="0" tests="2" name="seleniumPrograms.SecondScriptNg" time="9.737" errors="0" timestamp="2021-09-14T12:48:24 IST" skipped="0">
  <testcase classname="seleniumPrograms.SecondScriptNg" name="googleTitleTest" time="5.376"/>
  <system-out/>
  <testcase classname="seleniumPrograms.SecondScriptNg" name="googleSearchTest" time="4.361"/>
  <system-out/>
</testsuite> <!-- seleniumPrograms.SecondScriptNg -->
