<?xml version="1.0" encoding="UTF-8"?>
<!-- Generated by org.testng.reporters.JUnitReportReporter -->
<testsuite hostname="LAPTOP-GMS59UUI" failures="0" tests="1" name="keyworddriven.Runner" time="3.380" errors="0" timestamp="2021-09-16T15:02:44 IST" skipped="0">
  <testcase classname="keyworddriven.Runner" name="keyword" time="3.380"/>
  <system-out/>
</testsuite> <!-- keyworddriven.Runner -->
