<?xml version="1.0" encoding="UTF-8"?>
<!-- Generated by org.testng.reporters.JUnitReportReporter -->
<testsuite hostname="LAPTOP-GMS59UUI" failures="0" tests="1" name="propertyfile.LinkImage" time="8.280" errors="0" timestamp="2021-09-16T11:42:36 IST" skipped="0">
  <testcase classname="propertyfile.LinkImage" name="LinkImageCheck" time="8.280"/>
  <system-out/>
</testsuite> <!-- propertyfile.LinkImage -->
