<?xml version="1.0" encoding="UTF-8"?>
<!-- Generated by org.testng.reporters.JUnitReportReporter -->
<testsuite hostname="LAPTOP-GMS59UUI" failures="0" tests="3" name="seleniumPrograms.POM_Test" time="14.096" errors="0" timestamp="2021-09-15T14:39:51 IST" skipped="0">
  <testcase classname="seleniumPrograms.POM_Test" name="CancelPage" time="0.528"/>
  <system-out/>
  <testcase classname="seleniumPrograms.POM_Test" name="ForgetLinkPage" time="6.710"/>
  <system-out/>
  <testcase classname="seleniumPrograms.POM_Test" name="Login" time="6.858"/>
  <system-out/>
</testsuite> <!-- seleniumPrograms.POM_Test -->
