<?xml version="1.0" encoding="UTF-8"?>
<!-- Generated by org.testng.reporters.JUnitReportReporter -->
<testsuite hostname="LAPTOP-GMS59UUI" failures="0" tests="4" name="seleniumPrograms.DataDrivenTestingNg" time="0.039" errors="0" timestamp="2021-09-17T21:12:49 IST" skipped="0">
  <testcase classname="seleniumPrograms.DataDrivenTestingNg" name="Login" time="0.001"/>
  <system-out/>
  <testcase classname="seleniumPrograms.DataDrivenTestingNg" name="Login" time="0.024"/>
  <system-out/>
  <testcase classname="seleniumPrograms.DataDrivenTestingNg" name="Login" time="0.006"/>
  <system-out/>
  <testcase classname="seleniumPrograms.DataDrivenTestingNg" name="Login" time="0.008"/>
  <system-out/>
</testsuite> <!-- seleniumPrograms.DataDrivenTestingNg -->
