<?xml version="1.0" encoding="UTF-8"?>
<!-- Generated by org.testng.reporters.JUnitReportReporter -->
<testsuite hostname="LAPTOP-GMS59UUI" failures="0" tests="1" name="propertyfile.Headless" time="11.924" errors="0" timestamp="2021-09-16T12:02:32 IST" skipped="0">
  <testcase classname="propertyfile.Headless" name="LinkImageCheck" time="11.924"/>
  <system-out/>
</testsuite> <!-- propertyfile.Headless -->
