<?xml version="1.0" encoding="UTF-8"?>
<!-- Generated by org.testng.reporters.JUnitReportReporter -->
<testsuite hostname="LAPTOP-GMS59UUI" failures="0" tests="6" name="keyworddriven.KeyRunner" time="5.048" errors="0" timestamp="2021-09-16T15:55:25 IST" skipped="0">
  <testcase classname="keyworddriven.KeyRunner" name="excelKeyRunner" time="0.165"/>
  <system-out/>
  <testcase classname="keyworddriven.KeyRunner" name="excelKeyRunner" time="2.663"/>
  <system-out/>
  <testcase classname="keyworddriven.KeyRunner" name="excelKeyRunner" time="0.004"/>
  <system-out/>
  <testcase classname="keyworddriven.KeyRunner" name="excelKeyRunner" time="1.317"/>
  <system-out/>
  <testcase classname="keyworddriven.KeyRunner" name="excelKeyRunner" time="0.209"/>
  <system-out/>
  <testcase classname="keyworddriven.KeyRunner" name="excelKeyRunner" time="0.690"/>
  <system-out/>
</testsuite> <!-- keyworddriven.KeyRunner -->
